=== DIAG 2025-08-22T14:55:30Z ===
repo=Ede-story/edestory-platform sha=a41dc3b40be03105da2779a244020fb141f1be38
GCP_PROJECT_ID=rosy-stronghold-467817-k6
WIF_PROVIDER=projects/49781379815/locations/global/workloadIdentityPools/github-pool/providers/github-provider
GCP_SA_EMAIL=github-ci-sa@rosy-stronghold-467817-k6.iam.gserviceaccount.com
REGION=europe-west1 SERVICE=diary-api-preview
----------------------------------------
WARNING: [github-ci-sa@rosy-stronghold-467817-k6.iam.gserviceaccount.com] does not have permission to access projects instance [rosy-stronghold-467817-k6] (or it may not exist): Cloud Resource Manager API has not been used in project 49781379815 before or it is disabled. Enable it by visiting https://console.developers.google.com/apis/api/cloudresourcemanager.googleapis.com/overview?project=49781379815 then retry. If you enabled this API recently, wait a few minutes for the action to propagate to our systems and retry. This command is authenticated as github-ci-sa@rosy-stronghold-467817-k6.iam.gserviceaccount.com using the credentials in /home/runner/work/edestory-platform/edestory-platform/gha-creds-e8739f684a995cb5.json, specified by the [auth/credential_file_override] property.
- '@type': type.googleapis.com/google.rpc.ErrorInfo
  domain: googleapis.com
  metadata:
    activationUrl: https://console.developers.google.com/apis/api/cloudresourcemanager.googleapis.com/overview?project=49781379815
    consumer: projects/49781379815
    containerInfo: '49781379815'
    service: cloudresourcemanager.googleapis.com
    serviceTitle: Cloud Resource Manager API
  reason: SERVICE_DISABLED
- '@type': type.googleapis.com/google.rpc.LocalizedMessage
  locale: en-US
  message: Cloud Resource Manager API has not been used in project 49781379815 before
    or it is disabled. Enable it by visiting https://console.developers.google.com/apis/api/cloudresourcemanager.googleapis.com/overview?project=49781379815
    then retry. If you enabled this API recently, wait a few minutes for the action
    to propagate to our systems and retry.
- '@type': type.googleapis.com/google.rpc.Help
  links:
  - description: Google developers console API activation
    url: https://console.developers.google.com/apis/api/cloudresourcemanager.googleapis.com/overview?project=49781379815
WARNING: Property [project] is overridden by environment setting [CLOUDSDK_CORE_PROJECT=rosy-stronghold-467817-k6]
Updated property [core/project].
ERROR: (gcloud.services.enable) [github-ci-sa@rosy-stronghold-467817-k6.iam.gserviceaccount.com] does not have permission to access projects instance [rosy-stronghold-467817-k6] (or it may not exist): Permission denied to enable service [run.googleapis.com]
Permission denied to enable service [cloudbuild.googleapis.com]
Permission denied to enable service [artifactregistry.googleapis.com]
Permission denied to enable service [secretmanager.googleapis.com]
Help Token: AeNz4Pg7aA6XDepIa6fqusZtCDP_2zS7yJFVtZ5JOcWVhbF5_4jLlF-9Inj18eYlf3NVhJIxM98vsstMW15zyzYgbQz-nK7YSq-ZyVX1sb23Z7Z4. This command is authenticated as github-ci-sa@rosy-stronghold-467817-k6.iam.gserviceaccount.com using the credentials in /home/runner/work/edestory-platform/edestory-platform/gha-creds-e8739f684a995cb5.json, specified by the [auth/credential_file_override] property
- '@type': type.googleapis.com/google.rpc.PreconditionFailure
  violations:
  - subject: '110002'
    type: googleapis.com
- '@type': type.googleapis.com/google.rpc.ErrorInfo
  domain: serviceusage.googleapis.com
  reason: AUTH_PERMISSION_DENIED
